Determining if the pthread_create exist failed with the following output:
Change Dir: /home/ljm/fangzhen_ws/build/CMakeFiles/CMakeTmp

Run Build Command:"/usr/bin/make" "cmTC_714bd/fast"
/usr/bin/make -f CMakeFiles/cmTC_714bd.dir/build.make CMakeFiles/cmTC_714bd.dir/build
make[1]: 进入目录“/home/ljm/fangzhen_ws/build/CMakeFiles/CMakeTmp”
Building C object CMakeFiles/cmTC_714bd.dir/CheckSymbolExists.c.o
/usr/bin/cc    -o CMakeFiles/cmTC_714bd.dir/CheckSymbolExists.c.o   -c /home/ljm/fangzhen_ws/build/CMakeFiles/CMakeTmp/CheckSymbolExists.c
Linking C executable cmTC_714bd
/usr/bin/cmake -E cmake_link_script CMakeFiles/cmTC_714bd.dir/link.txt --verbose=1
/usr/bin/cc      -rdynamic CMakeFiles/cmTC_714bd.dir/CheckSymbolExists.c.o  -o cmTC_714bd 
CMakeFiles/cmTC_714bd.dir/CheckSymbolExists.c.o：在函数‘main’中：
CheckSymbolExists.c:(.text+0x1b)：对‘pthread_create’未定义的引用
collect2: error: ld returned 1 exit status
CMakeFiles/cmTC_714bd.dir/build.make:97: recipe for target 'cmTC_714bd' failed
make[1]: *** [cmTC_714bd] Error 1
make[1]: 离开目录“/home/ljm/fangzhen_ws/build/CMakeFiles/CMakeTmp”
Makefile:126: recipe for target 'cmTC_714bd/fast' failed
make: *** [cmTC_714bd/fast] Error 2

File /home/ljm/fangzhen_ws/build/CMakeFiles/CMakeTmp/CheckSymbolExists.c:
/* */
#include <pthread.h>

int main(int argc, char** argv)
{
  (void)argv;
#ifndef pthread_create
  return ((int*)(&pthread_create))[argc];
#else
  (void)argc;
  return 0;
#endif
}

Determining if the function pthread_create exists in the pthreads failed with the following output:
Change Dir: /home/ljm/fangzhen_ws/build/CMakeFiles/CMakeTmp

Run Build Command:"/usr/bin/make" "cmTC_f4d53/fast"
/usr/bin/make -f CMakeFiles/cmTC_f4d53.dir/build.make CMakeFiles/cmTC_f4d53.dir/build
make[1]: 进入目录“/home/ljm/fangzhen_ws/build/CMakeFiles/CMakeTmp”
Building C object CMakeFiles/cmTC_f4d53.dir/CheckFunctionExists.c.o
/usr/bin/cc   -DCHECK_FUNCTION_EXISTS=pthread_create   -o CMakeFiles/cmTC_f4d53.dir/CheckFunctionExists.c.o   -c /usr/share/cmake-3.10/Modules/CheckFunctionExists.c
Linking C executable cmTC_f4d53
/usr/bin/cmake -E cmake_link_script CMakeFiles/cmTC_f4d53.dir/link.txt --verbose=1
/usr/bin/cc  -DCHECK_FUNCTION_EXISTS=pthread_create    -rdynamic CMakeFiles/cmTC_f4d53.dir/CheckFunctionExists.c.o  -o cmTC_f4d53 -lpthreads 
/usr/bin/ld: 找不到 -lpthreads
collect2: error: ld returned 1 exit status
CMakeFiles/cmTC_f4d53.dir/build.make:97: recipe for target 'cmTC_f4d53' failed
make[1]: *** [cmTC_f4d53] Error 1
make[1]: 离开目录“/home/ljm/fangzhen_ws/build/CMakeFiles/CMakeTmp”
Makefile:126: recipe for target 'cmTC_f4d53/fast' failed
make: *** [cmTC_f4d53/fast] Error 2


